<?xml version="1.0" encoding="UTF-8"?>
<!-- Generated by org.testng.reporters.JUnitReportReporter -->
<testsuite hostname="DESKTOP-IG79IBO" failures="0" tests="1" name="com.pomproject.MainClass" time="10.256" errors="0" timestamp="2023-04-28T15:34:44 IST" skipped="0">
  <testcase classname="com.pomproject.MainClass" name="Login" time="10.256"/>
  <system-out/>
</testsuite> <!-- com.pomproject.MainClass -->
